2018-07-23 23:01:24,320|INFO|118|_initlog|



2018-07-23 23:01:24,320|INFO|119|_initlog|logger is inited!
2018-07-23 23:01:24,324|INFO|184|Interpreter|begin Interpreter, row_count = 7, col_count = 3
2018-07-23 23:01:24,324|INFO|214|_FieldDefine|row=0, col=0, repeated_num=0
2018-07-23 23:01:24,325|INFO|214|_FieldDefine|row=0, col=1, repeated_num=0
2018-07-23 23:01:24,325|INFO|222|_FieldDefine|optional|uint32|id|ID
2018-07-23 23:01:24,325|INFO|214|_FieldDefine|row=0, col=2, repeated_num=0
2018-07-23 23:01:24,325|INFO|222|_FieldDefine|optional|string|name|姓名
2018-07-23 23:01:24,518|INFO|459|Parse|begin parse, row_count = 7, col_count = 3
2018-07-23 23:01:24,519|INFO|493|_ParseLine|4
2018-07-23 23:01:24,519|INFO|509|_ParseField|4|1
2018-07-23 23:01:24,519|INFO|510|_ParseField|optional|uint32|id
2018-07-23 23:01:24,519|INFO|635|_GetFieldValue|4|1|1.0
2018-07-23 23:01:24,519|INFO|509|_ParseField|4|2
2018-07-23 23:01:24,519|INFO|510|_ParseField|optional|string|name
2018-07-23 23:01:24,520|INFO|635|_GetFieldValue|4|2|李山
2018-07-23 23:01:24,520|INFO|493|_ParseLine|5
2018-07-23 23:01:24,520|INFO|509|_ParseField|5|1
2018-07-23 23:01:24,520|INFO|510|_ParseField|optional|uint32|id
2018-07-23 23:01:24,520|INFO|635|_GetFieldValue|5|1|2.0
2018-07-23 23:01:24,520|INFO|509|_ParseField|5|2
2018-07-23 23:01:24,520|INFO|510|_ParseField|optional|string|name
2018-07-23 23:01:24,520|INFO|635|_GetFieldValue|5|2|张力
2018-07-23 23:01:24,520|INFO|493|_ParseLine|6
2018-07-23 23:01:24,520|INFO|509|_ParseField|6|1
2018-07-23 23:01:24,520|INFO|510|_ParseField|optional|uint32|id
2018-07-23 23:01:24,520|INFO|635|_GetFieldValue|6|1|3.0
2018-07-23 23:01:24,520|INFO|509|_ParseField|6|2
2018-07-23 23:01:24,520|INFO|510|_ParseField|optional|string|name
2018-07-23 23:01:24,520|INFO|635|_GetFieldValue|6|2|翁娜
2018-07-23 23:01:24,520|INFO|481|Parse|parse result:
items {
  id: 1
  name: "\346\235\216\345\261\261"
}
items {
  id: 2
  name: "\345\274\240\345\212\233"
}
items {
  id: 3
  name: "\347\277\201\345\250\234"
}

2018-07-23 23:02:11,629|INFO|118|_initlog|



2018-07-23 23:02:11,629|INFO|119|_initlog|logger is inited!
2018-07-23 23:02:11,633|INFO|184|Interpreter|begin Interpreter, row_count = 7, col_count = 3
2018-07-23 23:02:11,633|INFO|214|_FieldDefine|row=0, col=0, repeated_num=0
2018-07-23 23:02:11,633|INFO|214|_FieldDefine|row=0, col=1, repeated_num=0
2018-07-23 23:02:11,633|INFO|222|_FieldDefine|optional|uint32|id|ID
2018-07-23 23:02:11,633|INFO|214|_FieldDefine|row=0, col=2, repeated_num=0
2018-07-23 23:02:11,633|INFO|222|_FieldDefine|optional|string|name|姓名
2018-07-23 23:02:11,808|INFO|459|Parse|begin parse, row_count = 7, col_count = 3
2018-07-23 23:02:11,808|INFO|493|_ParseLine|4
2018-07-23 23:02:11,808|INFO|509|_ParseField|4|1
2018-07-23 23:02:11,808|INFO|510|_ParseField|optional|uint32|id
2018-07-23 23:02:11,808|INFO|635|_GetFieldValue|4|1|1.0
2018-07-23 23:02:11,808|INFO|509|_ParseField|4|2
2018-07-23 23:02:11,809|INFO|510|_ParseField|optional|string|name
2018-07-23 23:02:11,809|INFO|635|_GetFieldValue|4|2|李山
2018-07-23 23:02:11,809|INFO|493|_ParseLine|5
2018-07-23 23:02:11,809|INFO|509|_ParseField|5|1
2018-07-23 23:02:11,809|INFO|510|_ParseField|optional|uint32|id
2018-07-23 23:02:11,809|INFO|635|_GetFieldValue|5|1|2.0
2018-07-23 23:02:11,809|INFO|509|_ParseField|5|2
2018-07-23 23:02:11,809|INFO|510|_ParseField|optional|string|name
2018-07-23 23:02:11,809|INFO|635|_GetFieldValue|5|2|张力
2018-07-23 23:02:11,809|INFO|493|_ParseLine|6
2018-07-23 23:02:11,809|INFO|509|_ParseField|6|1
2018-07-23 23:02:11,809|INFO|510|_ParseField|optional|uint32|id
2018-07-23 23:02:11,809|INFO|635|_GetFieldValue|6|1|3.0
2018-07-23 23:02:11,809|INFO|509|_ParseField|6|2
2018-07-23 23:02:11,809|INFO|510|_ParseField|optional|string|name
2018-07-23 23:02:11,809|INFO|635|_GetFieldValue|6|2|翁娜
2018-07-23 23:02:11,810|INFO|481|Parse|parse result:
items {
  id: 1
  name: "\346\235\216\345\261\261"
}
items {
  id: 2
  name: "\345\274\240\345\212\233"
}
items {
  id: 3
  name: "\347\277\201\345\250\234"
}

2018-07-23 23:02:22,355|INFO|118|_initlog|



2018-07-23 23:02:22,356|INFO|119|_initlog|logger is inited!
2018-07-23 23:02:22,360|INFO|184|Interpreter|begin Interpreter, row_count = 7, col_count = 3
2018-07-23 23:02:22,360|INFO|214|_FieldDefine|row=0, col=0, repeated_num=0
2018-07-23 23:02:22,360|INFO|214|_FieldDefine|row=0, col=1, repeated_num=0
2018-07-23 23:02:22,360|INFO|222|_FieldDefine|optional|uint32|id|ID
2018-07-23 23:02:22,360|INFO|214|_FieldDefine|row=0, col=2, repeated_num=0
2018-07-23 23:02:22,360|INFO|222|_FieldDefine|optional|string|name|姓名
2018-07-23 23:02:22,539|INFO|459|Parse|begin parse, row_count = 7, col_count = 3
2018-07-23 23:02:22,539|INFO|493|_ParseLine|4
2018-07-23 23:02:22,539|INFO|509|_ParseField|4|1
2018-07-23 23:02:22,539|INFO|510|_ParseField|optional|uint32|id
2018-07-23 23:02:22,539|INFO|635|_GetFieldValue|4|1|1.0
2018-07-23 23:02:22,539|INFO|509|_ParseField|4|2
2018-07-23 23:02:22,539|INFO|510|_ParseField|optional|string|name
2018-07-23 23:02:22,539|INFO|635|_GetFieldValue|4|2|李山
2018-07-23 23:02:22,539|INFO|493|_ParseLine|5
2018-07-23 23:02:22,540|INFO|509|_ParseField|5|1
2018-07-23 23:02:22,540|INFO|510|_ParseField|optional|uint32|id
2018-07-23 23:02:22,540|INFO|635|_GetFieldValue|5|1|2.0
2018-07-23 23:02:22,540|INFO|509|_ParseField|5|2
2018-07-23 23:02:22,540|INFO|510|_ParseField|optional|string|name
2018-07-23 23:02:22,540|INFO|635|_GetFieldValue|5|2|张力
2018-07-23 23:02:22,540|INFO|493|_ParseLine|6
2018-07-23 23:02:22,540|INFO|509|_ParseField|6|1
2018-07-23 23:02:22,540|INFO|510|_ParseField|optional|uint32|id
2018-07-23 23:02:22,540|INFO|635|_GetFieldValue|6|1|3.0
2018-07-23 23:02:22,540|INFO|509|_ParseField|6|2
2018-07-23 23:02:22,540|INFO|510|_ParseField|optional|string|name
2018-07-23 23:02:22,540|INFO|635|_GetFieldValue|6|2|翁娜
2018-07-23 23:02:22,540|INFO|481|Parse|parse result:
items {
  id: 1
  name: "\346\235\216\345\261\261"
}
items {
  id: 2
  name: "\345\274\240\345\212\233"
}
items {
  id: 3
  name: "\347\277\201\345\250\234"
}

2018-07-23 23:02:50,810|INFO|118|_initlog|



2018-07-23 23:02:50,810|INFO|119|_initlog|logger is inited!
2018-07-23 23:02:50,814|INFO|184|Interpreter|begin Interpreter, row_count = 7, col_count = 3
2018-07-23 23:02:50,814|INFO|214|_FieldDefine|row=0, col=0, repeated_num=0
2018-07-23 23:02:50,814|INFO|214|_FieldDefine|row=0, col=1, repeated_num=0
2018-07-23 23:02:50,814|INFO|222|_FieldDefine|optional|uint32|id|ID
2018-07-23 23:02:50,814|INFO|214|_FieldDefine|row=0, col=2, repeated_num=0
2018-07-23 23:02:50,814|INFO|222|_FieldDefine|optional|string|name|姓名
2018-07-23 23:02:50,993|INFO|459|Parse|begin parse, row_count = 7, col_count = 3
2018-07-23 23:02:50,993|INFO|493|_ParseLine|4
2018-07-23 23:02:50,993|INFO|509|_ParseField|4|1
2018-07-23 23:02:50,993|INFO|510|_ParseField|optional|uint32|id
2018-07-23 23:02:50,993|INFO|635|_GetFieldValue|4|1|1.0
2018-07-23 23:02:50,993|INFO|509|_ParseField|4|2
2018-07-23 23:02:50,994|INFO|510|_ParseField|optional|string|name
2018-07-23 23:02:50,994|INFO|635|_GetFieldValue|4|2|李山
2018-07-23 23:02:50,994|INFO|493|_ParseLine|5
2018-07-23 23:02:50,994|INFO|509|_ParseField|5|1
2018-07-23 23:02:50,994|INFO|510|_ParseField|optional|uint32|id
2018-07-23 23:02:50,994|INFO|635|_GetFieldValue|5|1|2.0
2018-07-23 23:02:50,994|INFO|509|_ParseField|5|2
2018-07-23 23:02:50,994|INFO|510|_ParseField|optional|string|name
2018-07-23 23:02:50,994|INFO|635|_GetFieldValue|5|2|张力
2018-07-23 23:02:50,994|INFO|493|_ParseLine|6
2018-07-23 23:02:50,994|INFO|509|_ParseField|6|1
2018-07-23 23:02:50,994|INFO|510|_ParseField|optional|uint32|id
2018-07-23 23:02:50,994|INFO|635|_GetFieldValue|6|1|3.0
2018-07-23 23:02:50,994|INFO|509|_ParseField|6|2
2018-07-23 23:02:50,994|INFO|510|_ParseField|optional|string|name
2018-07-23 23:02:50,994|INFO|635|_GetFieldValue|6|2|翁娜
2018-07-23 23:02:50,995|INFO|481|Parse|parse result:
items {
  id: 1
  name: "\346\235\216\345\261\261"
}
items {
  id: 2
  name: "\345\274\240\345\212\233"
}
items {
  id: 3
  name: "\347\277\201\345\250\234"
}

2018-07-23 23:03:27,204|INFO|118|_initlog|



2018-07-23 23:03:27,204|INFO|119|_initlog|logger is inited!
2018-07-23 23:03:27,208|INFO|184|Interpreter|begin Interpreter, row_count = 7, col_count = 3
2018-07-23 23:03:27,208|INFO|214|_FieldDefine|row=0, col=0, repeated_num=0
2018-07-23 23:03:27,208|INFO|214|_FieldDefine|row=0, col=1, repeated_num=0
2018-07-23 23:03:27,208|INFO|222|_FieldDefine|optional|uint32|id|ID
2018-07-23 23:03:27,208|INFO|214|_FieldDefine|row=0, col=2, repeated_num=0
2018-07-23 23:03:27,208|INFO|222|_FieldDefine|optional|string|name|姓名
2018-07-23 23:03:27,388|INFO|459|Parse|begin parse, row_count = 7, col_count = 3
2018-07-23 23:03:27,389|INFO|493|_ParseLine|4
2018-07-23 23:03:27,389|INFO|509|_ParseField|4|1
2018-07-23 23:03:27,389|INFO|510|_ParseField|optional|uint32|id
2018-07-23 23:03:27,389|INFO|635|_GetFieldValue|4|1|1.0
2018-07-23 23:03:27,389|INFO|509|_ParseField|4|2
2018-07-23 23:03:27,389|INFO|510|_ParseField|optional|string|name
2018-07-23 23:03:27,389|INFO|635|_GetFieldValue|4|2|李山
2018-07-23 23:03:27,389|INFO|493|_ParseLine|5
2018-07-23 23:03:27,389|INFO|509|_ParseField|5|1
2018-07-23 23:03:27,389|INFO|510|_ParseField|optional|uint32|id
2018-07-23 23:03:27,389|INFO|635|_GetFieldValue|5|1|2.0
2018-07-23 23:03:27,389|INFO|509|_ParseField|5|2
2018-07-23 23:03:27,389|INFO|510|_ParseField|optional|string|name
2018-07-23 23:03:27,389|INFO|635|_GetFieldValue|5|2|张力
2018-07-23 23:03:27,390|INFO|493|_ParseLine|6
2018-07-23 23:03:27,390|INFO|509|_ParseField|6|1
2018-07-23 23:03:27,390|INFO|510|_ParseField|optional|uint32|id
2018-07-23 23:03:27,390|INFO|635|_GetFieldValue|6|1|3.0
2018-07-23 23:03:27,390|INFO|509|_ParseField|6|2
2018-07-23 23:03:27,390|INFO|510|_ParseField|optional|string|name
2018-07-23 23:03:27,390|INFO|635|_GetFieldValue|6|2|翁娜
2018-07-23 23:03:27,390|INFO|481|Parse|parse result:
items {
  id: 1
  name: "\346\235\216\345\261\261"
}
items {
  id: 2
  name: "\345\274\240\345\212\233"
}
items {
  id: 3
  name: "\347\277\201\345\250\234"
}

2018-07-23 23:03:39,658|INFO|118|_initlog|



2018-07-23 23:03:39,658|INFO|119|_initlog|logger is inited!
2018-07-23 23:03:39,663|INFO|184|Interpreter|begin Interpreter, row_count = 7, col_count = 3
2018-07-23 23:03:39,663|INFO|214|_FieldDefine|row=0, col=0, repeated_num=0
2018-07-23 23:03:39,663|INFO|214|_FieldDefine|row=0, col=1, repeated_num=0
2018-07-23 23:03:39,663|INFO|222|_FieldDefine|optional|uint32|id|ID
2018-07-23 23:03:39,663|INFO|214|_FieldDefine|row=0, col=2, repeated_num=0
2018-07-23 23:03:39,663|INFO|222|_FieldDefine|optional|string|name|姓名
2018-07-23 23:03:39,838|INFO|459|Parse|begin parse, row_count = 7, col_count = 3
2018-07-23 23:03:39,838|INFO|493|_ParseLine|4
2018-07-23 23:03:39,838|INFO|509|_ParseField|4|1
2018-07-23 23:03:39,838|INFO|510|_ParseField|optional|uint32|id
2018-07-23 23:03:39,838|INFO|635|_GetFieldValue|4|1|1.0
2018-07-23 23:03:39,838|INFO|509|_ParseField|4|2
2018-07-23 23:03:39,838|INFO|510|_ParseField|optional|string|name
2018-07-23 23:03:39,838|INFO|635|_GetFieldValue|4|2|李山
2018-07-23 23:03:39,839|INFO|493|_ParseLine|5
2018-07-23 23:03:39,839|INFO|509|_ParseField|5|1
2018-07-23 23:03:39,839|INFO|510|_ParseField|optional|uint32|id
2018-07-23 23:03:39,839|INFO|635|_GetFieldValue|5|1|2.0
2018-07-23 23:03:39,839|INFO|509|_ParseField|5|2
2018-07-23 23:03:39,839|INFO|510|_ParseField|optional|string|name
2018-07-23 23:03:39,839|INFO|635|_GetFieldValue|5|2|张力
2018-07-23 23:03:39,839|INFO|493|_ParseLine|6
2018-07-23 23:03:39,839|INFO|509|_ParseField|6|1
2018-07-23 23:03:39,839|INFO|510|_ParseField|optional|uint32|id
2018-07-23 23:03:39,839|INFO|635|_GetFieldValue|6|1|3.0
2018-07-23 23:03:39,839|INFO|509|_ParseField|6|2
2018-07-23 23:03:39,839|INFO|510|_ParseField|optional|string|name
2018-07-23 23:03:39,839|INFO|635|_GetFieldValue|6|2|翁娜
2018-07-23 23:03:39,839|INFO|481|Parse|parse result:
items {
  id: 1
  name: "\346\235\216\345\261\261"
}
items {
  id: 2
  name: "\345\274\240\345\212\233"
}
items {
  id: 3
  name: "\347\277\201\345\250\234"
}

2018-07-23 23:04:39,104|INFO|118|_initlog|



2018-07-23 23:04:39,104|INFO|119|_initlog|logger is inited!
2018-07-23 23:04:39,108|INFO|184|Interpreter|begin Interpreter, row_count = 7, col_count = 3
2018-07-23 23:04:39,108|INFO|214|_FieldDefine|row=0, col=0, repeated_num=0
2018-07-23 23:04:39,108|INFO|214|_FieldDefine|row=0, col=1, repeated_num=0
2018-07-23 23:04:39,108|INFO|222|_FieldDefine|optional|uint32|id|ID
2018-07-23 23:04:39,108|INFO|214|_FieldDefine|row=0, col=2, repeated_num=0
2018-07-23 23:04:39,108|INFO|222|_FieldDefine|optional|string|name|姓名
2018-07-23 23:04:39,302|INFO|459|Parse|begin parse, row_count = 7, col_count = 3
2018-07-23 23:04:39,302|INFO|493|_ParseLine|4
2018-07-23 23:04:39,303|INFO|509|_ParseField|4|1
2018-07-23 23:04:39,303|INFO|510|_ParseField|optional|uint32|id
2018-07-23 23:04:39,303|INFO|635|_GetFieldValue|4|1|1.0
2018-07-23 23:04:39,303|INFO|509|_ParseField|4|2
2018-07-23 23:04:39,303|INFO|510|_ParseField|optional|string|name
2018-07-23 23:04:39,303|INFO|635|_GetFieldValue|4|2|李山
2018-07-23 23:04:39,303|INFO|493|_ParseLine|5
2018-07-23 23:04:39,303|INFO|509|_ParseField|5|1
2018-07-23 23:04:39,303|INFO|510|_ParseField|optional|uint32|id
2018-07-23 23:04:39,303|INFO|635|_GetFieldValue|5|1|2.0
2018-07-23 23:04:39,303|INFO|509|_ParseField|5|2
2018-07-23 23:04:39,303|INFO|510|_ParseField|optional|string|name
2018-07-23 23:04:39,303|INFO|635|_GetFieldValue|5|2|张力
2018-07-23 23:04:39,303|INFO|493|_ParseLine|6
2018-07-23 23:04:39,303|INFO|509|_ParseField|6|1
2018-07-23 23:04:39,303|INFO|510|_ParseField|optional|uint32|id
2018-07-23 23:04:39,303|INFO|635|_GetFieldValue|6|1|3.0
2018-07-23 23:04:39,303|INFO|509|_ParseField|6|2
2018-07-23 23:04:39,304|INFO|510|_ParseField|optional|string|name
2018-07-23 23:04:39,304|INFO|635|_GetFieldValue|6|2|翁娜
2018-07-23 23:04:39,304|INFO|481|Parse|parse result:
items {
  id: 1
  name: "\346\235\216\345\261\261"
}
items {
  id: 2
  name: "\345\274\240\345\212\233"
}
items {
  id: 3
  name: "\347\277\201\345\250\234"
}

2018-07-23 23:04:59,341|INFO|118|_initlog|



2018-07-23 23:04:59,341|INFO|119|_initlog|logger is inited!
2018-07-23 23:04:59,345|INFO|184|Interpreter|begin Interpreter, row_count = 7, col_count = 3
2018-07-23 23:04:59,345|INFO|214|_FieldDefine|row=0, col=0, repeated_num=0
2018-07-23 23:04:59,345|INFO|214|_FieldDefine|row=0, col=1, repeated_num=0
2018-07-23 23:04:59,345|INFO|222|_FieldDefine|optional|uint32|id|ID
2018-07-23 23:04:59,345|INFO|214|_FieldDefine|row=0, col=2, repeated_num=0
2018-07-23 23:04:59,345|INFO|222|_FieldDefine|optional|string|name|姓名
2018-07-23 23:04:59,534|INFO|459|Parse|begin parse, row_count = 7, col_count = 3
2018-07-23 23:04:59,534|INFO|493|_ParseLine|4
2018-07-23 23:04:59,534|INFO|509|_ParseField|4|1
2018-07-23 23:04:59,534|INFO|510|_ParseField|optional|uint32|id
2018-07-23 23:04:59,534|INFO|635|_GetFieldValue|4|1|1.0
2018-07-23 23:04:59,534|INFO|509|_ParseField|4|2
2018-07-23 23:04:59,534|INFO|510|_ParseField|optional|string|name
2018-07-23 23:04:59,534|INFO|635|_GetFieldValue|4|2|李山
2018-07-23 23:04:59,534|INFO|493|_ParseLine|5
2018-07-23 23:04:59,534|INFO|509|_ParseField|5|1
2018-07-23 23:04:59,534|INFO|510|_ParseField|optional|uint32|id
2018-07-23 23:04:59,535|INFO|635|_GetFieldValue|5|1|2.0
2018-07-23 23:04:59,535|INFO|509|_ParseField|5|2
2018-07-23 23:04:59,535|INFO|510|_ParseField|optional|string|name
2018-07-23 23:04:59,535|INFO|635|_GetFieldValue|5|2|张力
2018-07-23 23:04:59,535|INFO|493|_ParseLine|6
2018-07-23 23:04:59,535|INFO|509|_ParseField|6|1
2018-07-23 23:04:59,535|INFO|510|_ParseField|optional|uint32|id
2018-07-23 23:04:59,535|INFO|635|_GetFieldValue|6|1|3.0
2018-07-23 23:04:59,535|INFO|509|_ParseField|6|2
2018-07-23 23:04:59,535|INFO|510|_ParseField|optional|string|name
2018-07-23 23:04:59,535|INFO|635|_GetFieldValue|6|2|翁娜
2018-07-23 23:04:59,535|INFO|481|Parse|parse result:
items {
  id: 1
  name: "\346\235\216\345\261\261"
}
items {
  id: 2
  name: "\345\274\240\345\212\233"
}
items {
  id: 3
  name: "\347\277\201\345\250\234"
}

2018-07-23 23:05:32,661|INFO|118|_initlog|



2018-07-23 23:05:32,661|INFO|119|_initlog|logger is inited!
2018-07-23 23:05:32,665|INFO|184|Interpreter|begin Interpreter, row_count = 7, col_count = 3
2018-07-23 23:05:32,665|INFO|214|_FieldDefine|row=0, col=0, repeated_num=0
2018-07-23 23:05:32,665|INFO|214|_FieldDefine|row=0, col=1, repeated_num=0
2018-07-23 23:05:32,666|INFO|222|_FieldDefine|optional|uint32|id|ID
2018-07-23 23:05:32,666|INFO|214|_FieldDefine|row=0, col=2, repeated_num=0
2018-07-23 23:05:32,666|INFO|222|_FieldDefine|optional|string|name|姓名
2018-07-23 23:05:32,855|INFO|459|Parse|begin parse, row_count = 7, col_count = 3
2018-07-23 23:05:32,855|INFO|493|_ParseLine|4
2018-07-23 23:05:32,855|INFO|509|_ParseField|4|1
2018-07-23 23:05:32,855|INFO|510|_ParseField|optional|uint32|id
2018-07-23 23:05:32,855|INFO|635|_GetFieldValue|4|1|1.0
2018-07-23 23:05:32,855|INFO|509|_ParseField|4|2
2018-07-23 23:05:32,855|INFO|510|_ParseField|optional|string|name
2018-07-23 23:05:32,855|INFO|635|_GetFieldValue|4|2|李山
2018-07-23 23:05:32,855|INFO|493|_ParseLine|5
2018-07-23 23:05:32,855|INFO|509|_ParseField|5|1
2018-07-23 23:05:32,856|INFO|510|_ParseField|optional|uint32|id
2018-07-23 23:05:32,856|INFO|635|_GetFieldValue|5|1|2.0
2018-07-23 23:05:32,856|INFO|509|_ParseField|5|2
2018-07-23 23:05:32,856|INFO|510|_ParseField|optional|string|name
2018-07-23 23:05:32,856|INFO|635|_GetFieldValue|5|2|张力
2018-07-23 23:05:32,856|INFO|493|_ParseLine|6
2018-07-23 23:05:32,856|INFO|509|_ParseField|6|1
2018-07-23 23:05:32,856|INFO|510|_ParseField|optional|uint32|id
2018-07-23 23:05:32,856|INFO|635|_GetFieldValue|6|1|3.0
2018-07-23 23:05:32,856|INFO|509|_ParseField|6|2
2018-07-23 23:05:32,856|INFO|510|_ParseField|optional|string|name
2018-07-23 23:05:32,856|INFO|635|_GetFieldValue|6|2|翁娜
2018-07-23 23:05:32,856|INFO|481|Parse|parse result:
items {
  id: 1
  name: "\346\235\216\345\261\261"
}
items {
  id: 2
  name: "\345\274\240\345\212\233"
}
items {
  id: 3
  name: "\347\277\201\345\250\234"
}

2018-07-23 23:06:16,334|INFO|118|_initlog|



2018-07-23 23:06:16,334|INFO|119|_initlog|logger is inited!
2018-07-23 23:06:16,338|INFO|184|Interpreter|begin Interpreter, row_count = 7, col_count = 3
2018-07-23 23:06:16,338|INFO|214|_FieldDefine|row=0, col=0, repeated_num=0
2018-07-23 23:06:16,338|INFO|214|_FieldDefine|row=0, col=1, repeated_num=0
2018-07-23 23:06:16,338|INFO|222|_FieldDefine|optional|uint32|id|ID
2018-07-23 23:06:16,338|INFO|214|_FieldDefine|row=0, col=2, repeated_num=0
2018-07-23 23:06:16,338|INFO|222|_FieldDefine|optional|string|name|姓名
2018-07-23 23:06:16,520|INFO|459|Parse|begin parse, row_count = 7, col_count = 3
2018-07-23 23:06:16,520|INFO|493|_ParseLine|4
2018-07-23 23:06:16,520|INFO|509|_ParseField|4|1
2018-07-23 23:06:16,520|INFO|510|_ParseField|optional|uint32|id
2018-07-23 23:06:16,520|INFO|635|_GetFieldValue|4|1|1.0
2018-07-23 23:06:16,520|INFO|509|_ParseField|4|2
2018-07-23 23:06:16,520|INFO|510|_ParseField|optional|string|name
2018-07-23 23:06:16,520|INFO|635|_GetFieldValue|4|2|李山
2018-07-23 23:06:16,520|INFO|493|_ParseLine|5
2018-07-23 23:06:16,520|INFO|509|_ParseField|5|1
2018-07-23 23:06:16,520|INFO|510|_ParseField|optional|uint32|id
2018-07-23 23:06:16,520|INFO|635|_GetFieldValue|5|1|2.0
2018-07-23 23:06:16,520|INFO|509|_ParseField|5|2
2018-07-23 23:06:16,520|INFO|510|_ParseField|optional|string|name
2018-07-23 23:06:16,521|INFO|635|_GetFieldValue|5|2|张力
2018-07-23 23:06:16,521|INFO|493|_ParseLine|6
2018-07-23 23:06:16,521|INFO|509|_ParseField|6|1
2018-07-23 23:06:16,521|INFO|510|_ParseField|optional|uint32|id
2018-07-23 23:06:16,521|INFO|635|_GetFieldValue|6|1|3.0
2018-07-23 23:06:16,521|INFO|509|_ParseField|6|2
2018-07-23 23:06:16,521|INFO|510|_ParseField|optional|string|name
2018-07-23 23:06:16,521|INFO|635|_GetFieldValue|6|2|翁娜
2018-07-23 23:06:16,521|INFO|481|Parse|parse result:
items {
  id: 1
  name: "\346\235\216\345\261\261"
}
items {
  id: 2
  name: "\345\274\240\345\212\233"
}
items {
  id: 3
  name: "\347\277\201\345\250\234"
}

2018-07-23 23:07:30,416|INFO|118|_initlog|



2018-07-23 23:07:30,416|INFO|119|_initlog|logger is inited!
2018-07-23 23:07:30,420|INFO|184|Interpreter|begin Interpreter, row_count = 7, col_count = 3
2018-07-23 23:07:30,420|INFO|214|_FieldDefine|row=0, col=0, repeated_num=0
2018-07-23 23:07:30,420|INFO|214|_FieldDefine|row=0, col=1, repeated_num=0
2018-07-23 23:07:30,420|INFO|222|_FieldDefine|optional|uint32|id|ID
2018-07-23 23:07:30,420|INFO|214|_FieldDefine|row=0, col=2, repeated_num=0
2018-07-23 23:07:30,420|INFO|222|_FieldDefine|optional|string|name|姓名
2018-07-23 23:07:30,610|INFO|459|Parse|begin parse, row_count = 7, col_count = 3
2018-07-23 23:07:30,611|INFO|493|_ParseLine|4
2018-07-23 23:07:30,611|INFO|509|_ParseField|4|1
2018-07-23 23:07:30,611|INFO|510|_ParseField|optional|uint32|id
2018-07-23 23:07:30,611|INFO|635|_GetFieldValue|4|1|1.0
2018-07-23 23:07:30,611|INFO|509|_ParseField|4|2
2018-07-23 23:07:30,611|INFO|510|_ParseField|optional|string|name
2018-07-23 23:07:30,611|INFO|635|_GetFieldValue|4|2|李山
2018-07-23 23:07:30,611|INFO|493|_ParseLine|5
2018-07-23 23:07:30,611|INFO|509|_ParseField|5|1
2018-07-23 23:07:30,611|INFO|510|_ParseField|optional|uint32|id
2018-07-23 23:07:30,611|INFO|635|_GetFieldValue|5|1|2.0
2018-07-23 23:07:30,612|INFO|509|_ParseField|5|2
2018-07-23 23:07:30,612|INFO|510|_ParseField|optional|string|name
2018-07-23 23:07:30,612|INFO|635|_GetFieldValue|5|2|张力
2018-07-23 23:07:30,612|INFO|493|_ParseLine|6
2018-07-23 23:07:30,612|INFO|509|_ParseField|6|1
2018-07-23 23:07:30,612|INFO|510|_ParseField|optional|uint32|id
2018-07-23 23:07:30,612|INFO|635|_GetFieldValue|6|1|3.0
2018-07-23 23:07:30,612|INFO|509|_ParseField|6|2
2018-07-23 23:07:30,612|INFO|510|_ParseField|optional|string|name
2018-07-23 23:07:30,612|INFO|635|_GetFieldValue|6|2|翁娜
2018-07-23 23:07:30,612|INFO|481|Parse|parse result:
items {
  id: 1
  name: "\346\235\216\345\261\261"
}
items {
  id: 2
  name: "\345\274\240\345\212\233"
}
items {
  id: 3
  name: "\347\277\201\345\250\234"
}

2018-07-23 23:08:30,249|INFO|118|_initlog|



2018-07-23 23:08:30,249|INFO|119|_initlog|logger is inited!
2018-07-23 23:08:30,253|INFO|184|Interpreter|begin Interpreter, row_count = 7, col_count = 3
2018-07-23 23:08:30,253|INFO|214|_FieldDefine|row=0, col=0, repeated_num=0
2018-07-23 23:08:30,253|INFO|214|_FieldDefine|row=0, col=1, repeated_num=0
2018-07-23 23:08:30,253|INFO|222|_FieldDefine|optional|uint32|id|ID
2018-07-23 23:08:30,253|INFO|214|_FieldDefine|row=0, col=2, repeated_num=0
2018-07-23 23:08:30,253|INFO|222|_FieldDefine|optional|string|name|姓名
2018-07-23 23:08:30,438|INFO|459|Parse|begin parse, row_count = 7, col_count = 3
2018-07-23 23:08:30,438|INFO|493|_ParseLine|4
2018-07-23 23:08:30,438|INFO|509|_ParseField|4|1
2018-07-23 23:08:30,438|INFO|510|_ParseField|optional|uint32|id
2018-07-23 23:08:30,438|INFO|635|_GetFieldValue|4|1|1.0
2018-07-23 23:08:30,438|INFO|509|_ParseField|4|2
2018-07-23 23:08:30,438|INFO|510|_ParseField|optional|string|name
2018-07-23 23:08:30,438|INFO|635|_GetFieldValue|4|2|李山
2018-07-23 23:08:30,438|INFO|493|_ParseLine|5
2018-07-23 23:08:30,438|INFO|509|_ParseField|5|1
2018-07-23 23:08:30,438|INFO|510|_ParseField|optional|uint32|id
2018-07-23 23:08:30,438|INFO|635|_GetFieldValue|5|1|2.0
2018-07-23 23:08:30,439|INFO|509|_ParseField|5|2
2018-07-23 23:08:30,439|INFO|510|_ParseField|optional|string|name
2018-07-23 23:08:30,439|INFO|635|_GetFieldValue|5|2|张力
2018-07-23 23:08:30,439|INFO|493|_ParseLine|6
2018-07-23 23:08:30,439|INFO|509|_ParseField|6|1
2018-07-23 23:08:30,439|INFO|510|_ParseField|optional|uint32|id
2018-07-23 23:08:30,439|INFO|635|_GetFieldValue|6|1|3.0
2018-07-23 23:08:30,439|INFO|509|_ParseField|6|2
2018-07-23 23:08:30,439|INFO|510|_ParseField|optional|string|name
2018-07-23 23:08:30,439|INFO|635|_GetFieldValue|6|2|翁娜
2018-07-23 23:08:30,439|INFO|481|Parse|parse result:
items {
  id: 1
  name: "\346\235\216\345\261\261"
}
items {
  id: 2
  name: "\345\274\240\345\212\233"
}
items {
  id: 3
  name: "\347\277\201\345\250\234"
}

2018-07-23 23:08:43,093|INFO|118|_initlog|



2018-07-23 23:08:43,094|INFO|119|_initlog|logger is inited!
2018-07-23 23:08:43,096|INFO|184|Interpreter|begin Interpreter, row_count = 7, col_count = 3
2018-07-23 23:08:43,097|INFO|214|_FieldDefine|row=0, col=0, repeated_num=0
2018-07-23 23:08:43,097|INFO|214|_FieldDefine|row=0, col=1, repeated_num=0
2018-07-23 23:08:43,097|INFO|222|_FieldDefine|optional|uint32|id|ID
2018-07-23 23:08:43,097|INFO|214|_FieldDefine|row=0, col=2, repeated_num=0
2018-07-23 23:08:43,097|INFO|222|_FieldDefine|optional|string|name|姓名
2018-07-23 23:08:43,282|INFO|459|Parse|begin parse, row_count = 7, col_count = 3
2018-07-23 23:08:43,282|INFO|493|_ParseLine|4
2018-07-23 23:08:43,282|INFO|509|_ParseField|4|1
2018-07-23 23:08:43,282|INFO|510|_ParseField|optional|uint32|id
2018-07-23 23:08:43,282|INFO|635|_GetFieldValue|4|1|1.0
2018-07-23 23:08:43,282|INFO|509|_ParseField|4|2
2018-07-23 23:08:43,282|INFO|510|_ParseField|optional|string|name
2018-07-23 23:08:43,282|INFO|635|_GetFieldValue|4|2|李山
2018-07-23 23:08:43,282|INFO|493|_ParseLine|5
2018-07-23 23:08:43,282|INFO|509|_ParseField|5|1
2018-07-23 23:08:43,282|INFO|510|_ParseField|optional|uint32|id
2018-07-23 23:08:43,283|INFO|635|_GetFieldValue|5|1|2.0
2018-07-23 23:08:43,283|INFO|509|_ParseField|5|2
2018-07-23 23:08:43,283|INFO|510|_ParseField|optional|string|name
2018-07-23 23:08:43,283|INFO|635|_GetFieldValue|5|2|张力
2018-07-23 23:08:43,283|INFO|493|_ParseLine|6
2018-07-23 23:08:43,283|INFO|509|_ParseField|6|1
2018-07-23 23:08:43,283|INFO|510|_ParseField|optional|uint32|id
2018-07-23 23:08:43,283|INFO|635|_GetFieldValue|6|1|3.0
2018-07-23 23:08:43,283|INFO|509|_ParseField|6|2
2018-07-23 23:08:43,283|INFO|510|_ParseField|optional|string|name
2018-07-23 23:08:43,283|INFO|635|_GetFieldValue|6|2|翁娜
2018-07-23 23:08:43,283|INFO|481|Parse|parse result:
items {
  id: 1
  name: "\346\235\216\345\261\261"
}
items {
  id: 2
  name: "\345\274\240\345\212\233"
}
items {
  id: 3
  name: "\347\277\201\345\250\234"
}

2018-07-23 23:09:14,975|INFO|118|_initlog|



2018-07-23 23:09:14,976|INFO|119|_initlog|logger is inited!
2018-07-23 23:09:14,980|INFO|184|Interpreter|begin Interpreter, row_count = 7, col_count = 3
2018-07-23 23:09:14,980|INFO|214|_FieldDefine|row=0, col=0, repeated_num=0
2018-07-23 23:09:14,980|INFO|214|_FieldDefine|row=0, col=1, repeated_num=0
2018-07-23 23:09:14,980|INFO|222|_FieldDefine|optional|uint32|id|ID
2018-07-23 23:09:14,980|INFO|214|_FieldDefine|row=0, col=2, repeated_num=0
2018-07-23 23:09:14,980|INFO|222|_FieldDefine|optional|string|name|姓名
2018-07-23 23:09:15,160|INFO|459|Parse|begin parse, row_count = 7, col_count = 3
2018-07-23 23:09:15,160|INFO|493|_ParseLine|4
2018-07-23 23:09:15,160|INFO|509|_ParseField|4|1
2018-07-23 23:09:15,160|INFO|510|_ParseField|optional|uint32|id
2018-07-23 23:09:15,160|INFO|635|_GetFieldValue|4|1|1.0
2018-07-23 23:09:15,160|INFO|509|_ParseField|4|2
2018-07-23 23:09:15,160|INFO|510|_ParseField|optional|string|name
2018-07-23 23:09:15,160|INFO|635|_GetFieldValue|4|2|李山
2018-07-23 23:09:15,161|INFO|493|_ParseLine|5
2018-07-23 23:09:15,161|INFO|509|_ParseField|5|1
2018-07-23 23:09:15,161|INFO|510|_ParseField|optional|uint32|id
2018-07-23 23:09:15,161|INFO|635|_GetFieldValue|5|1|2.0
2018-07-23 23:09:15,161|INFO|509|_ParseField|5|2
2018-07-23 23:09:15,161|INFO|510|_ParseField|optional|string|name
2018-07-23 23:09:15,161|INFO|635|_GetFieldValue|5|2|张力
2018-07-23 23:09:15,161|INFO|493|_ParseLine|6
2018-07-23 23:09:15,161|INFO|509|_ParseField|6|1
2018-07-23 23:09:15,161|INFO|510|_ParseField|optional|uint32|id
2018-07-23 23:09:15,161|INFO|635|_GetFieldValue|6|1|3.0
2018-07-23 23:09:15,161|INFO|509|_ParseField|6|2
2018-07-23 23:09:15,161|INFO|510|_ParseField|optional|string|name
2018-07-23 23:09:15,161|INFO|635|_GetFieldValue|6|2|翁娜
2018-07-23 23:09:15,161|INFO|481|Parse|parse result:
items {
  id: 1
  name: "\346\235\216\345\261\261"
}
items {
  id: 2
  name: "\345\274\240\345\212\233"
}
items {
  id: 3
  name: "\347\277\201\345\250\234"
}

2018-07-23 23:09:22,718|INFO|118|_initlog|



2018-07-23 23:09:22,718|INFO|119|_initlog|logger is inited!
2018-07-23 23:09:22,722|INFO|184|Interpreter|begin Interpreter, row_count = 7, col_count = 3
2018-07-23 23:09:22,722|INFO|214|_FieldDefine|row=0, col=0, repeated_num=0
2018-07-23 23:09:22,722|INFO|214|_FieldDefine|row=0, col=1, repeated_num=0
2018-07-23 23:09:22,722|INFO|222|_FieldDefine|optional|uint32|id|ID
2018-07-23 23:09:22,722|INFO|214|_FieldDefine|row=0, col=2, repeated_num=0
2018-07-23 23:09:22,722|INFO|222|_FieldDefine|optional|string|name|姓名
2018-07-23 23:09:22,902|INFO|459|Parse|begin parse, row_count = 7, col_count = 3
2018-07-23 23:09:22,902|INFO|493|_ParseLine|4
2018-07-23 23:09:22,902|INFO|509|_ParseField|4|1
2018-07-23 23:09:22,902|INFO|510|_ParseField|optional|uint32|id
2018-07-23 23:09:22,902|INFO|635|_GetFieldValue|4|1|1.0
2018-07-23 23:09:22,903|INFO|509|_ParseField|4|2
2018-07-23 23:09:22,903|INFO|510|_ParseField|optional|string|name
2018-07-23 23:09:22,903|INFO|635|_GetFieldValue|4|2|李山
2018-07-23 23:09:22,903|INFO|493|_ParseLine|5
2018-07-23 23:09:22,903|INFO|509|_ParseField|5|1
2018-07-23 23:09:22,903|INFO|510|_ParseField|optional|uint32|id
2018-07-23 23:09:22,903|INFO|635|_GetFieldValue|5|1|2.0
2018-07-23 23:09:22,903|INFO|509|_ParseField|5|2
2018-07-23 23:09:22,903|INFO|510|_ParseField|optional|string|name
2018-07-23 23:09:22,903|INFO|635|_GetFieldValue|5|2|张力
2018-07-23 23:09:22,903|INFO|493|_ParseLine|6
2018-07-23 23:09:22,903|INFO|509|_ParseField|6|1
2018-07-23 23:09:22,903|INFO|510|_ParseField|optional|uint32|id
2018-07-23 23:09:22,903|INFO|635|_GetFieldValue|6|1|3.0
2018-07-23 23:09:22,903|INFO|509|_ParseField|6|2
2018-07-23 23:09:22,903|INFO|510|_ParseField|optional|string|name
2018-07-23 23:09:22,903|INFO|635|_GetFieldValue|6|2|翁娜
2018-07-23 23:09:22,903|INFO|481|Parse|parse result:
items {
  id: 1
  name: "\346\235\216\345\261\261"
}
items {
  id: 2
  name: "\345\274\240\345\212\233"
}
items {
  id: 3
  name: "\347\277\201\345\250\234"
}

2018-07-23 23:09:54,431|INFO|118|_initlog|



2018-07-23 23:09:54,431|INFO|119|_initlog|logger is inited!
2018-07-23 23:09:54,435|INFO|184|Interpreter|begin Interpreter, row_count = 7, col_count = 3
2018-07-23 23:09:54,435|INFO|214|_FieldDefine|row=0, col=0, repeated_num=0
2018-07-23 23:09:54,435|INFO|214|_FieldDefine|row=0, col=1, repeated_num=0
2018-07-23 23:09:54,435|INFO|222|_FieldDefine|optional|uint32|id|ID
2018-07-23 23:09:54,435|INFO|214|_FieldDefine|row=0, col=2, repeated_num=0
2018-07-23 23:09:54,435|INFO|222|_FieldDefine|optional|string|name|姓名
2018-07-23 23:09:54,618|INFO|459|Parse|begin parse, row_count = 7, col_count = 3
2018-07-23 23:09:54,618|INFO|493|_ParseLine|4
2018-07-23 23:09:54,618|INFO|509|_ParseField|4|1
2018-07-23 23:09:54,618|INFO|510|_ParseField|optional|uint32|id
2018-07-23 23:09:54,618|INFO|635|_GetFieldValue|4|1|1.0
2018-07-23 23:09:54,618|INFO|509|_ParseField|4|2
2018-07-23 23:09:54,618|INFO|510|_ParseField|optional|string|name
2018-07-23 23:09:54,618|INFO|635|_GetFieldValue|4|2|李山
2018-07-23 23:09:54,618|INFO|493|_ParseLine|5
2018-07-23 23:09:54,618|INFO|509|_ParseField|5|1
2018-07-23 23:09:54,618|INFO|510|_ParseField|optional|uint32|id
2018-07-23 23:09:54,619|INFO|635|_GetFieldValue|5|1|2.0
2018-07-23 23:09:54,619|INFO|509|_ParseField|5|2
2018-07-23 23:09:54,619|INFO|510|_ParseField|optional|string|name
2018-07-23 23:09:54,619|INFO|635|_GetFieldValue|5|2|张力
2018-07-23 23:09:54,619|INFO|493|_ParseLine|6
2018-07-23 23:09:54,619|INFO|509|_ParseField|6|1
2018-07-23 23:09:54,619|INFO|510|_ParseField|optional|uint32|id
2018-07-23 23:09:54,619|INFO|635|_GetFieldValue|6|1|3.0
2018-07-23 23:09:54,619|INFO|509|_ParseField|6|2
2018-07-23 23:09:54,619|INFO|510|_ParseField|optional|string|name
2018-07-23 23:09:54,619|INFO|635|_GetFieldValue|6|2|翁娜
2018-07-23 23:09:54,619|INFO|481|Parse|parse result:
items {
  id: 1
  name: "\346\235\216\345\261\261"
}
items {
  id: 2
  name: "\345\274\240\345\212\233"
}
items {
  id: 3
  name: "\347\277\201\345\250\234"
}

2018-07-23 23:11:00,839|INFO|118|_initlog|



2018-07-23 23:11:00,839|INFO|119|_initlog|logger is inited!
2018-07-23 23:11:00,842|INFO|184|Interpreter|begin Interpreter, row_count = 7, col_count = 3
2018-07-23 23:11:00,842|INFO|214|_FieldDefine|row=0, col=0, repeated_num=0
2018-07-23 23:11:00,842|INFO|214|_FieldDefine|row=0, col=1, repeated_num=0
2018-07-23 23:11:00,842|INFO|222|_FieldDefine|optional|uint32|id|ID
2018-07-23 23:11:00,842|INFO|214|_FieldDefine|row=0, col=2, repeated_num=0
2018-07-23 23:11:00,842|INFO|222|_FieldDefine|optional|string|name|姓名
2018-07-23 23:11:01,030|INFO|459|Parse|begin parse, row_count = 7, col_count = 3
2018-07-23 23:11:01,030|INFO|493|_ParseLine|4
2018-07-23 23:11:01,030|INFO|509|_ParseField|4|1
2018-07-23 23:11:01,030|INFO|510|_ParseField|optional|uint32|id
2018-07-23 23:11:01,030|INFO|635|_GetFieldValue|4|1|1.0
2018-07-23 23:11:01,030|INFO|509|_ParseField|4|2
2018-07-23 23:11:01,031|INFO|510|_ParseField|optional|string|name
2018-07-23 23:11:01,031|INFO|635|_GetFieldValue|4|2|李山
2018-07-23 23:11:01,031|INFO|493|_ParseLine|5
2018-07-23 23:11:01,031|INFO|509|_ParseField|5|1
2018-07-23 23:11:01,031|INFO|510|_ParseField|optional|uint32|id
2018-07-23 23:11:01,031|INFO|635|_GetFieldValue|5|1|2.0
2018-07-23 23:11:01,031|INFO|509|_ParseField|5|2
2018-07-23 23:11:01,031|INFO|510|_ParseField|optional|string|name
2018-07-23 23:11:01,031|INFO|635|_GetFieldValue|5|2|张力
2018-07-23 23:11:01,031|INFO|493|_ParseLine|6
2018-07-23 23:11:01,031|INFO|509|_ParseField|6|1
2018-07-23 23:11:01,031|INFO|510|_ParseField|optional|uint32|id
2018-07-23 23:11:01,031|INFO|635|_GetFieldValue|6|1|3.0
2018-07-23 23:11:01,031|INFO|509|_ParseField|6|2
2018-07-23 23:11:01,031|INFO|510|_ParseField|optional|string|name
2018-07-23 23:11:01,031|INFO|635|_GetFieldValue|6|2|翁娜
2018-07-23 23:11:01,031|INFO|481|Parse|parse result:
items {
  id: 1
  name: "\346\235\216\345\261\261"
}
items {
  id: 2
  name: "\345\274\240\345\212\233"
}
items {
  id: 3
  name: "\347\277\201\345\250\234"
}

2018-07-23 23:43:20,242|INFO|118|_initlog|



2018-07-23 23:43:20,242|INFO|119|_initlog|logger is inited!
2018-07-23 23:43:20,246|INFO|184|Interpreter|begin Interpreter, row_count = 7, col_count = 3
2018-07-23 23:43:20,246|INFO|214|_FieldDefine|row=0, col=0, repeated_num=0
2018-07-23 23:43:20,246|INFO|214|_FieldDefine|row=0, col=1, repeated_num=0
2018-07-23 23:43:20,246|INFO|222|_FieldDefine|optional|uint32|id|ID
2018-07-23 23:43:20,246|INFO|214|_FieldDefine|row=0, col=2, repeated_num=0
2018-07-23 23:43:20,246|INFO|222|_FieldDefine|optional|string|name|姓名
2018-07-23 23:43:20,426|INFO|459|Parse|begin parse, row_count = 7, col_count = 3
2018-07-23 23:43:20,426|INFO|493|_ParseLine|4
2018-07-23 23:43:20,426|INFO|509|_ParseField|4|1
2018-07-23 23:43:20,426|INFO|510|_ParseField|optional|uint32|id
2018-07-23 23:43:20,426|INFO|635|_GetFieldValue|4|1|1.0
2018-07-23 23:43:20,426|INFO|509|_ParseField|4|2
2018-07-23 23:43:20,426|INFO|510|_ParseField|optional|string|name
2018-07-23 23:43:20,426|INFO|635|_GetFieldValue|4|2|李山
2018-07-23 23:43:20,426|INFO|493|_ParseLine|5
2018-07-23 23:43:20,426|INFO|509|_ParseField|5|1
2018-07-23 23:43:20,427|INFO|510|_ParseField|optional|uint32|id
2018-07-23 23:43:20,427|INFO|635|_GetFieldValue|5|1|2.0
2018-07-23 23:43:20,427|INFO|509|_ParseField|5|2
2018-07-23 23:43:20,427|INFO|510|_ParseField|optional|string|name
2018-07-23 23:43:20,427|INFO|635|_GetFieldValue|5|2|张力
2018-07-23 23:43:20,427|INFO|493|_ParseLine|6
2018-07-23 23:43:20,427|INFO|509|_ParseField|6|1
2018-07-23 23:43:20,427|INFO|510|_ParseField|optional|uint32|id
2018-07-23 23:43:20,427|INFO|635|_GetFieldValue|6|1|3.0
2018-07-23 23:43:20,427|INFO|509|_ParseField|6|2
2018-07-23 23:43:20,427|INFO|510|_ParseField|optional|string|name
2018-07-23 23:43:20,427|INFO|635|_GetFieldValue|6|2|翁娜
2018-07-23 23:43:20,427|INFO|481|Parse|parse result:
items {
  id: 1
  name: "\346\235\216\345\261\261"
}
items {
  id: 2
  name: "\345\274\240\345\212\233"
}
items {
  id: 3
  name: "\347\277\201\345\250\234"
}

2018-07-23 23:43:30,585|INFO|118|_initlog|



2018-07-23 23:43:30,585|INFO|119|_initlog|logger is inited!
2018-07-23 23:43:30,589|INFO|184|Interpreter|begin Interpreter, row_count = 7, col_count = 3
2018-07-23 23:43:30,589|INFO|214|_FieldDefine|row=0, col=0, repeated_num=0
2018-07-23 23:43:30,589|INFO|214|_FieldDefine|row=0, col=1, repeated_num=0
2018-07-23 23:43:30,589|INFO|222|_FieldDefine|optional|uint32|id|ID
2018-07-23 23:43:30,589|INFO|214|_FieldDefine|row=0, col=2, repeated_num=0
2018-07-23 23:43:30,589|INFO|222|_FieldDefine|optional|string|name|姓名
2018-07-23 23:43:30,770|INFO|459|Parse|begin parse, row_count = 7, col_count = 3
2018-07-23 23:43:30,770|INFO|493|_ParseLine|4
2018-07-23 23:43:30,770|INFO|509|_ParseField|4|1
2018-07-23 23:43:30,770|INFO|510|_ParseField|optional|uint32|id
2018-07-23 23:43:30,770|INFO|635|_GetFieldValue|4|1|1.0
2018-07-23 23:43:30,770|INFO|509|_ParseField|4|2
2018-07-23 23:43:30,770|INFO|510|_ParseField|optional|string|name
2018-07-23 23:43:30,771|INFO|635|_GetFieldValue|4|2|李山
2018-07-23 23:43:30,771|INFO|493|_ParseLine|5
2018-07-23 23:43:30,771|INFO|509|_ParseField|5|1
2018-07-23 23:43:30,771|INFO|510|_ParseField|optional|uint32|id
2018-07-23 23:43:30,771|INFO|635|_GetFieldValue|5|1|2.0
2018-07-23 23:43:30,771|INFO|509|_ParseField|5|2
2018-07-23 23:43:30,771|INFO|510|_ParseField|optional|string|name
2018-07-23 23:43:30,771|INFO|635|_GetFieldValue|5|2|张力
2018-07-23 23:43:30,771|INFO|493|_ParseLine|6
2018-07-23 23:43:30,771|INFO|509|_ParseField|6|1
2018-07-23 23:43:30,771|INFO|510|_ParseField|optional|uint32|id
2018-07-23 23:43:30,771|INFO|635|_GetFieldValue|6|1|3.0
2018-07-23 23:43:30,771|INFO|509|_ParseField|6|2
2018-07-23 23:43:30,771|INFO|510|_ParseField|optional|string|name
2018-07-23 23:43:30,771|INFO|635|_GetFieldValue|6|2|翁娜
2018-07-23 23:43:30,771|INFO|481|Parse|parse result:
items {
  id: 1
  name: "\346\235\216\345\261\261"
}
items {
  id: 2
  name: "\345\274\240\345\212\233"
}
items {
  id: 3
  name: "\347\277\201\345\250\234"
}

2018-07-23 23:44:56,692|INFO|118|_initlog|



2018-07-23 23:44:56,692|INFO|119|_initlog|logger is inited!
2018-07-23 23:44:56,696|INFO|184|Interpreter|begin Interpreter, row_count = 7, col_count = 3
2018-07-23 23:44:56,696|INFO|214|_FieldDefine|row=0, col=0, repeated_num=0
2018-07-23 23:44:56,696|INFO|214|_FieldDefine|row=0, col=1, repeated_num=0
2018-07-23 23:44:56,696|INFO|222|_FieldDefine|optional|uint32|id|ID
2018-07-23 23:44:56,696|INFO|214|_FieldDefine|row=0, col=2, repeated_num=0
2018-07-23 23:44:56,696|INFO|222|_FieldDefine|optional|string|name|姓名
2018-07-23 23:44:56,874|INFO|459|Parse|begin parse, row_count = 7, col_count = 3
2018-07-23 23:44:56,874|INFO|493|_ParseLine|4
2018-07-23 23:44:56,874|INFO|509|_ParseField|4|1
2018-07-23 23:44:56,874|INFO|510|_ParseField|optional|uint32|id
2018-07-23 23:44:56,874|INFO|635|_GetFieldValue|4|1|1.0
2018-07-23 23:44:56,874|INFO|509|_ParseField|4|2
2018-07-23 23:44:56,874|INFO|510|_ParseField|optional|string|name
2018-07-23 23:44:56,874|INFO|635|_GetFieldValue|4|2|李山
2018-07-23 23:44:56,874|INFO|493|_ParseLine|5
2018-07-23 23:44:56,874|INFO|509|_ParseField|5|1
2018-07-23 23:44:56,874|INFO|510|_ParseField|optional|uint32|id
2018-07-23 23:44:56,875|INFO|635|_GetFieldValue|5|1|2.0
2018-07-23 23:44:56,875|INFO|509|_ParseField|5|2
2018-07-23 23:44:56,875|INFO|510|_ParseField|optional|string|name
2018-07-23 23:44:56,875|INFO|635|_GetFieldValue|5|2|张力
2018-07-23 23:44:56,875|INFO|493|_ParseLine|6
2018-07-23 23:44:56,875|INFO|509|_ParseField|6|1
2018-07-23 23:44:56,875|INFO|510|_ParseField|optional|uint32|id
2018-07-23 23:44:56,875|INFO|635|_GetFieldValue|6|1|3.0
2018-07-23 23:44:56,875|INFO|509|_ParseField|6|2
2018-07-23 23:44:56,875|INFO|510|_ParseField|optional|string|name
2018-07-23 23:44:56,875|INFO|635|_GetFieldValue|6|2|翁娜
2018-07-23 23:44:56,875|INFO|481|Parse|parse result:
items {
  id: 1
  name: "\346\235\216\345\261\261"
}
items {
  id: 2
  name: "\345\274\240\345\212\233"
}
items {
  id: 3
  name: "\347\277\201\345\250\234"
}

2018-07-24 00:51:49,599|INFO|118|_initlog|



2018-07-24 00:51:49,599|INFO|119|_initlog|logger is inited!
2018-07-24 00:52:55,188|INFO|118|_initlog|



2018-07-24 00:52:55,188|INFO|119|_initlog|logger is inited!
2018-07-24 00:52:55,195|INFO|178|Interpreter|begin Interpreter, row_count = 7, col_count = 4
2018-07-24 00:52:55,196|INFO|208|_FieldDefine|row=0, col=0, repeated_num=0
2018-07-24 00:52:55,196|INFO|208|_FieldDefine|row=0, col=1, repeated_num=0
2018-07-24 00:52:55,196|INFO|216|_FieldDefine|optional|uint32|id|ID
2018-07-24 00:52:55,196|INFO|208|_FieldDefine|row=0, col=2, repeated_num=0
2018-07-24 00:52:55,196|INFO|216|_FieldDefine|optional|string|name|姓名
2018-07-24 00:52:55,196|INFO|208|_FieldDefine|row=0, col=3, repeated_num=0
2018-07-24 00:52:55,196|INFO|216|_FieldDefine|optional|string|icon|
2018-07-24 00:52:55,389|INFO|447|Parse|begin parse, row_count = 7, col_count = 4
2018-07-24 00:52:55,390|INFO|481|_ParseLine|4
2018-07-24 00:52:55,390|INFO|497|_ParseField|4|1
2018-07-24 00:52:55,390|INFO|498|_ParseField|optional|uint32|id
2018-07-24 00:52:55,390|INFO|623|_GetFieldValue|4|1|0.0
2018-07-24 00:52:55,390|INFO|497|_ParseField|4|2
2018-07-24 00:52:55,390|INFO|498|_ParseField|optional|string|name
2018-07-24 00:52:55,390|INFO|623|_GetFieldValue|4|2|逆转时光
2018-07-24 00:52:55,390|INFO|497|_ParseField|4|3
2018-07-24 00:52:55,390|INFO|498|_ParseField|optional|string|icon
2018-07-24 00:52:55,390|INFO|623|_GetFieldValue|4|3|Images\Common\IconDescClick.png
2018-07-24 00:52:55,390|INFO|481|_ParseLine|5
2018-07-24 00:52:55,390|INFO|497|_ParseField|5|1
2018-07-24 00:52:55,390|INFO|498|_ParseField|optional|uint32|id
2018-07-24 00:52:55,390|INFO|623|_GetFieldValue|5|1|1.0
2018-07-24 00:52:55,390|INFO|497|_ParseField|5|2
2018-07-24 00:52:55,391|INFO|498|_ParseField|optional|string|name
2018-07-24 00:52:55,391|INFO|623|_GetFieldValue|5|2|记忆迷阵
2018-07-24 00:52:55,391|INFO|497|_ParseField|5|3
2018-07-24 00:52:55,391|INFO|498|_ParseField|optional|string|icon
2018-07-24 00:52:55,391|INFO|623|_GetFieldValue|5|3|Images\Common\IconSpinningBlock.png
2018-07-24 00:52:55,391|INFO|481|_ParseLine|6
2018-07-24 00:52:55,391|INFO|497|_ParseField|6|1
2018-07-24 00:52:55,391|INFO|498|_ParseField|optional|uint32|id
2018-07-24 00:52:55,391|INFO|623|_GetFieldValue|6|1|2.0
2018-07-24 00:52:55,391|INFO|497|_ParseField|6|2
2018-07-24 00:52:55,391|INFO|498|_ParseField|optional|string|name
2018-07-24 00:52:55,391|INFO|623|_GetFieldValue|6|2|记忆翻牌
2018-07-24 00:52:55,391|INFO|497|_ParseField|6|3
2018-07-24 00:52:55,391|INFO|498|_ParseField|optional|string|icon
2018-07-24 00:52:55,391|INFO|623|_GetFieldValue|6|3|Images\Common\IconClickFlip.png
2018-07-24 00:52:55,391|INFO|469|Parse|parse result:
items {
  name: "\351\200\206\350\275\254\346\227\266\345\205\211"
  icon: "Images\\Common\\IconDescClick.png"
}
items {
  id: 1
  name: "\350\256\260\345\277\206\350\277\267\351\230\265"
  icon: "Images\\Common\\IconSpinningBlock.png"
}
items {
  id: 2
  name: "\350\256\260\345\277\206\347\277\273\347\211\214"
  icon: "Images\\Common\\IconClickFlip.png"
}

2018-07-24 00:53:32,724|INFO|118|_initlog|



2018-07-24 00:53:32,724|INFO|119|_initlog|logger is inited!
2018-07-24 00:53:32,728|INFO|178|Interpreter|begin Interpreter, row_count = 7, col_count = 4
2018-07-24 00:53:32,728|INFO|208|_FieldDefine|row=0, col=0, repeated_num=0
2018-07-24 00:53:32,728|INFO|208|_FieldDefine|row=0, col=1, repeated_num=0
2018-07-24 00:53:32,728|INFO|216|_FieldDefine|optional|uint32|id|ID
2018-07-24 00:53:32,728|INFO|208|_FieldDefine|row=0, col=2, repeated_num=0
2018-07-24 00:53:32,728|INFO|216|_FieldDefine|optional|string|name|姓名
2018-07-24 00:53:32,728|INFO|208|_FieldDefine|row=0, col=3, repeated_num=0
2018-07-24 00:53:32,728|INFO|216|_FieldDefine|optional|string|icon|
2018-07-24 00:53:32,912|INFO|447|Parse|begin parse, row_count = 7, col_count = 4
2018-07-24 00:53:32,913|INFO|481|_ParseLine|4
2018-07-24 00:53:32,913|INFO|497|_ParseField|4|1
2018-07-24 00:53:32,913|INFO|498|_ParseField|optional|uint32|id
2018-07-24 00:53:32,913|INFO|623|_GetFieldValue|4|1|0.0
2018-07-24 00:53:32,913|INFO|497|_ParseField|4|2
2018-07-24 00:53:32,913|INFO|498|_ParseField|optional|string|name
2018-07-24 00:53:32,913|INFO|623|_GetFieldValue|4|2|逆转时光
2018-07-24 00:53:32,913|INFO|497|_ParseField|4|3
2018-07-24 00:53:32,913|INFO|498|_ParseField|optional|string|icon
2018-07-24 00:53:32,913|INFO|623|_GetFieldValue|4|3|Images\Common\IconDescClick.png
2018-07-24 00:53:32,913|INFO|481|_ParseLine|5
2018-07-24 00:53:32,913|INFO|497|_ParseField|5|1
2018-07-24 00:53:32,914|INFO|498|_ParseField|optional|uint32|id
2018-07-24 00:53:32,914|INFO|623|_GetFieldValue|5|1|1.0
2018-07-24 00:53:32,914|INFO|497|_ParseField|5|2
2018-07-24 00:53:32,914|INFO|498|_ParseField|optional|string|name
2018-07-24 00:53:32,914|INFO|623|_GetFieldValue|5|2|记忆迷阵
2018-07-24 00:53:32,914|INFO|497|_ParseField|5|3
2018-07-24 00:53:32,914|INFO|498|_ParseField|optional|string|icon
2018-07-24 00:53:32,914|INFO|623|_GetFieldValue|5|3|Images\Common\IconSpinningBlock.png
2018-07-24 00:53:32,914|INFO|481|_ParseLine|6
2018-07-24 00:53:32,914|INFO|497|_ParseField|6|1
2018-07-24 00:53:32,914|INFO|498|_ParseField|optional|uint32|id
2018-07-24 00:53:32,914|INFO|623|_GetFieldValue|6|1|2.0
2018-07-24 00:53:32,914|INFO|497|_ParseField|6|2
2018-07-24 00:53:32,914|INFO|498|_ParseField|optional|string|name
2018-07-24 00:53:32,914|INFO|623|_GetFieldValue|6|2|记忆翻牌
2018-07-24 00:53:32,914|INFO|497|_ParseField|6|3
2018-07-24 00:53:32,914|INFO|498|_ParseField|optional|string|icon
2018-07-24 00:53:32,914|INFO|623|_GetFieldValue|6|3|Images\Common\IconClickFlip.png
2018-07-24 00:53:32,914|INFO|469|Parse|parse result:
items {
  name: "\351\200\206\350\275\254\346\227\266\345\205\211"
  icon: "Images\\Common\\IconDescClick.png"
}
items {
  id: 1
  name: "\350\256\260\345\277\206\350\277\267\351\230\265"
  icon: "Images\\Common\\IconSpinningBlock.png"
}
items {
  id: 2
  name: "\350\256\260\345\277\206\347\277\273\347\211\214"
  icon: "Images\\Common\\IconClickFlip.png"
}

2018-07-24 00:55:26,716|INFO|118|_initlog|



2018-07-24 00:55:26,717|INFO|119|_initlog|logger is inited!
2018-07-24 00:55:26,724|INFO|178|Interpreter|begin Interpreter, row_count = 7, col_count = 4
2018-07-24 00:55:26,724|INFO|208|_FieldDefine|row=0, col=0, repeated_num=0
2018-07-24 00:55:26,724|INFO|208|_FieldDefine|row=0, col=1, repeated_num=0
2018-07-24 00:55:26,724|INFO|216|_FieldDefine|optional|uint32|id|ID
2018-07-24 00:55:26,724|INFO|208|_FieldDefine|row=0, col=2, repeated_num=0
2018-07-24 00:55:26,724|INFO|216|_FieldDefine|optional|string|name|姓名
2018-07-24 00:55:26,724|INFO|208|_FieldDefine|row=0, col=3, repeated_num=0
2018-07-24 00:55:26,724|INFO|216|_FieldDefine|optional|string|icon|
2018-07-24 00:55:26,922|INFO|447|Parse|begin parse, row_count = 7, col_count = 4
2018-07-24 00:55:26,923|INFO|481|_ParseLine|4
2018-07-24 00:55:26,923|INFO|497|_ParseField|4|1
2018-07-24 00:55:26,923|INFO|498|_ParseField|optional|uint32|id
2018-07-24 00:55:26,923|INFO|623|_GetFieldValue|4|1|0.0
2018-07-24 00:55:26,923|INFO|497|_ParseField|4|2
2018-07-24 00:55:26,923|INFO|498|_ParseField|optional|string|name
2018-07-24 00:55:26,923|INFO|623|_GetFieldValue|4|2|逆转时光
2018-07-24 00:55:26,923|INFO|497|_ParseField|4|3
2018-07-24 00:55:26,923|INFO|498|_ParseField|optional|string|icon
2018-07-24 00:55:26,923|INFO|623|_GetFieldValue|4|3|Images\Common\IconDescClick.png
2018-07-24 00:55:26,923|INFO|481|_ParseLine|5
2018-07-24 00:55:26,923|INFO|497|_ParseField|5|1
2018-07-24 00:55:26,923|INFO|498|_ParseField|optional|uint32|id
2018-07-24 00:55:26,923|INFO|623|_GetFieldValue|5|1|1.0
2018-07-24 00:55:26,924|INFO|497|_ParseField|5|2
2018-07-24 00:55:26,924|INFO|498|_ParseField|optional|string|name
2018-07-24 00:55:26,924|INFO|623|_GetFieldValue|5|2|记忆迷阵
2018-07-24 00:55:26,924|INFO|497|_ParseField|5|3
2018-07-24 00:55:26,924|INFO|498|_ParseField|optional|string|icon
2018-07-24 00:55:26,924|INFO|623|_GetFieldValue|5|3|Images\Common\IconSpinningBlock.png
2018-07-24 00:55:26,924|INFO|481|_ParseLine|6
2018-07-24 00:55:26,924|INFO|497|_ParseField|6|1
2018-07-24 00:55:26,924|INFO|498|_ParseField|optional|uint32|id
2018-07-24 00:55:26,924|INFO|623|_GetFieldValue|6|1|2.0
2018-07-24 00:55:26,924|INFO|497|_ParseField|6|2
2018-07-24 00:55:26,924|INFO|498|_ParseField|optional|string|name
2018-07-24 00:55:26,924|INFO|623|_GetFieldValue|6|2|记忆翻牌
2018-07-24 00:55:26,924|INFO|497|_ParseField|6|3
2018-07-24 00:55:26,924|INFO|498|_ParseField|optional|string|icon
2018-07-24 00:55:26,924|INFO|623|_GetFieldValue|6|3|Images\Common\IconClickFlip.png
2018-07-24 00:55:26,924|INFO|469|Parse|parse result:
items {
  name: "\351\200\206\350\275\254\346\227\266\345\205\211"
  icon: "Images\\Common\\IconDescClick.png"
}
items {
  id: 1
  name: "\350\256\260\345\277\206\350\277\267\351\230\265"
  icon: "Images\\Common\\IconSpinningBlock.png"
}
items {
  id: 2
  name: "\350\256\260\345\277\206\347\277\273\347\211\214"
  icon: "Images\\Common\\IconClickFlip.png"
}

2018-07-24 01:02:18,452|INFO|118|_initlog|



2018-07-24 01:02:18,452|INFO|119|_initlog|logger is inited!
2018-07-24 01:02:18,456|INFO|178|Interpreter|begin Interpreter, row_count = 7, col_count = 4
2018-07-24 01:02:18,456|INFO|208|_FieldDefine|row=0, col=0, repeated_num=0
2018-07-24 01:02:18,456|INFO|208|_FieldDefine|row=0, col=1, repeated_num=0
2018-07-24 01:02:18,456|INFO|216|_FieldDefine|optional|uint32|id|ID
2018-07-24 01:02:18,456|INFO|208|_FieldDefine|row=0, col=2, repeated_num=0
2018-07-24 01:02:18,456|INFO|216|_FieldDefine|optional|string|name|姓名
2018-07-24 01:02:18,456|INFO|208|_FieldDefine|row=0, col=3, repeated_num=0
2018-07-24 01:02:18,456|INFO|216|_FieldDefine|optional|string|icon|
2018-07-24 01:02:18,659|INFO|447|Parse|begin parse, row_count = 7, col_count = 4
2018-07-24 01:02:18,659|INFO|481|_ParseLine|4
2018-07-24 01:02:18,660|INFO|497|_ParseField|4|1
2018-07-24 01:02:18,660|INFO|498|_ParseField|optional|uint32|id
2018-07-24 01:02:18,660|INFO|623|_GetFieldValue|4|1|0.0
2018-07-24 01:02:18,660|INFO|497|_ParseField|4|2
2018-07-24 01:02:18,660|INFO|498|_ParseField|optional|string|name
2018-07-24 01:02:18,660|INFO|623|_GetFieldValue|4|2|逆转时光
2018-07-24 01:02:18,660|INFO|497|_ParseField|4|3
2018-07-24 01:02:18,660|INFO|498|_ParseField|optional|string|icon
2018-07-24 01:02:18,660|INFO|623|_GetFieldValue|4|3|Images\Common\IconDescClick.png
2018-07-24 01:02:18,660|INFO|481|_ParseLine|5
2018-07-24 01:02:18,660|INFO|497|_ParseField|5|1
2018-07-24 01:02:18,660|INFO|498|_ParseField|optional|uint32|id
2018-07-24 01:02:18,660|INFO|623|_GetFieldValue|5|1|1.0
2018-07-24 01:02:18,660|INFO|497|_ParseField|5|2
2018-07-24 01:02:18,660|INFO|498|_ParseField|optional|string|name
2018-07-24 01:02:18,660|INFO|623|_GetFieldValue|5|2|记忆迷阵
2018-07-24 01:02:18,660|INFO|497|_ParseField|5|3
2018-07-24 01:02:18,661|INFO|498|_ParseField|optional|string|icon
2018-07-24 01:02:18,661|INFO|623|_GetFieldValue|5|3|Images\Common\IconSpinningBlock.png
2018-07-24 01:02:18,661|INFO|481|_ParseLine|6
2018-07-24 01:02:18,661|INFO|497|_ParseField|6|1
2018-07-24 01:02:18,661|INFO|498|_ParseField|optional|uint32|id
2018-07-24 01:02:18,661|INFO|623|_GetFieldValue|6|1|2.0
2018-07-24 01:02:18,661|INFO|497|_ParseField|6|2
2018-07-24 01:02:18,661|INFO|498|_ParseField|optional|string|name
2018-07-24 01:02:18,661|INFO|623|_GetFieldValue|6|2|记忆翻牌
2018-07-24 01:02:18,661|INFO|497|_ParseField|6|3
2018-07-24 01:02:18,661|INFO|498|_ParseField|optional|string|icon
2018-07-24 01:02:18,661|INFO|623|_GetFieldValue|6|3|Images\Common\IconClickFlip.png
2018-07-24 01:02:18,661|INFO|469|Parse|parse result:
items {
  name: "\351\200\206\350\275\254\346\227\266\345\205\211"
  icon: "Images\\Common\\IconDescClick.png"
}
items {
  id: 1
  name: "\350\256\260\345\277\206\350\277\267\351\230\265"
  icon: "Images\\Common\\IconSpinningBlock.png"
}
items {
  id: 2
  name: "\350\256\260\345\277\206\347\277\273\347\211\214"
  icon: "Images\\Common\\IconClickFlip.png"
}

2018-07-24 01:11:51,881|INFO|118|_initlog|



2018-07-24 01:11:51,881|INFO|119|_initlog|logger is inited!
2018-07-24 01:11:51,885|INFO|178|Interpreter|begin Interpreter, row_count = 7, col_count = 4
2018-07-24 01:11:51,885|INFO|208|_FieldDefine|row=0, col=0, repeated_num=0
2018-07-24 01:11:51,885|INFO|208|_FieldDefine|row=0, col=1, repeated_num=0
2018-07-24 01:11:51,885|INFO|216|_FieldDefine|optional|uint32|id|ID
2018-07-24 01:11:51,885|INFO|208|_FieldDefine|row=0, col=2, repeated_num=0
2018-07-24 01:11:51,885|INFO|216|_FieldDefine|optional|string|name|姓名
2018-07-24 01:11:51,886|INFO|208|_FieldDefine|row=0, col=3, repeated_num=0
2018-07-24 01:11:51,886|INFO|216|_FieldDefine|optional|string|icon|
2018-07-24 01:11:52,076|INFO|447|Parse|begin parse, row_count = 7, col_count = 4
2018-07-24 01:11:52,077|INFO|481|_ParseLine|4
2018-07-24 01:11:52,077|INFO|497|_ParseField|4|1
2018-07-24 01:11:52,077|INFO|498|_ParseField|optional|uint32|id
2018-07-24 01:11:52,077|INFO|623|_GetFieldValue|4|1|0.0
2018-07-24 01:11:52,077|INFO|497|_ParseField|4|2
2018-07-24 01:11:52,077|INFO|498|_ParseField|optional|string|name
2018-07-24 01:11:52,077|INFO|623|_GetFieldValue|4|2|逆转时光
2018-07-24 01:11:52,077|INFO|497|_ParseField|4|3
2018-07-24 01:11:52,077|INFO|498|_ParseField|optional|string|icon
2018-07-24 01:11:52,077|INFO|623|_GetFieldValue|4|3|Images\Common\IconDescClick.png
2018-07-24 01:11:52,077|INFO|481|_ParseLine|5
2018-07-24 01:11:52,077|INFO|497|_ParseField|5|1
2018-07-24 01:11:52,077|INFO|498|_ParseField|optional|uint32|id
2018-07-24 01:11:52,077|INFO|623|_GetFieldValue|5|1|1.0
2018-07-24 01:11:52,077|INFO|497|_ParseField|5|2
2018-07-24 01:11:52,077|INFO|498|_ParseField|optional|string|name
2018-07-24 01:11:52,078|INFO|623|_GetFieldValue|5|2|记忆迷阵
2018-07-24 01:11:52,078|INFO|497|_ParseField|5|3
2018-07-24 01:11:52,078|INFO|498|_ParseField|optional|string|icon
2018-07-24 01:11:52,078|INFO|623|_GetFieldValue|5|3|Images\Common\IconSpinningBlock.png
2018-07-24 01:11:52,078|INFO|481|_ParseLine|6
2018-07-24 01:11:52,078|INFO|497|_ParseField|6|1
2018-07-24 01:11:52,078|INFO|498|_ParseField|optional|uint32|id
2018-07-24 01:11:52,078|INFO|623|_GetFieldValue|6|1|2.0
2018-07-24 01:11:52,078|INFO|497|_ParseField|6|2
2018-07-24 01:11:52,078|INFO|498|_ParseField|optional|string|name
2018-07-24 01:11:52,078|INFO|623|_GetFieldValue|6|2|记忆翻牌
2018-07-24 01:11:52,078|INFO|497|_ParseField|6|3
2018-07-24 01:11:52,078|INFO|498|_ParseField|optional|string|icon
2018-07-24 01:11:52,078|INFO|623|_GetFieldValue|6|3|Images\Common\IconClickFlip.png
2018-07-24 01:11:52,078|INFO|469|Parse|parse result:
items {
  name: "\351\200\206\350\275\254\346\227\266\345\205\211"
  icon: "Images\\Common\\IconDescClick.png"
}
items {
  id: 1
  name: "\350\256\260\345\277\206\350\277\267\351\230\265"
  icon: "Images\\Common\\IconSpinningBlock.png"
}
items {
  id: 2
  name: "\350\256\260\345\277\206\347\277\273\347\211\214"
  icon: "Images\\Common\\IconClickFlip.png"
}

2018-07-24 01:42:23,952|INFO|118|_initlog|



2018-07-24 01:42:23,953|INFO|119|_initlog|logger is inited!
2018-07-24 01:42:23,960|INFO|178|Interpreter|begin Interpreter, row_count = 7, col_count = 4
2018-07-24 01:42:23,960|INFO|208|_FieldDefine|row=0, col=0, repeated_num=0
2018-07-24 01:42:23,960|INFO|208|_FieldDefine|row=0, col=1, repeated_num=0
2018-07-24 01:42:23,960|INFO|216|_FieldDefine|optional|uint32|id|ID
2018-07-24 01:42:23,960|INFO|208|_FieldDefine|row=0, col=2, repeated_num=0
2018-07-24 01:42:23,961|INFO|216|_FieldDefine|optional|string|name|姓名
2018-07-24 01:42:23,961|INFO|208|_FieldDefine|row=0, col=3, repeated_num=0
2018-07-24 01:42:23,961|INFO|216|_FieldDefine|optional|string|icon|
2018-07-24 01:42:24,161|INFO|447|Parse|begin parse, row_count = 7, col_count = 4
2018-07-24 01:42:24,161|INFO|481|_ParseLine|4
2018-07-24 01:42:24,162|INFO|497|_ParseField|4|1
2018-07-24 01:42:24,162|INFO|498|_ParseField|optional|uint32|id
2018-07-24 01:42:24,162|INFO|623|_GetFieldValue|4|1|0.0
2018-07-24 01:42:24,162|INFO|497|_ParseField|4|2
2018-07-24 01:42:24,162|INFO|498|_ParseField|optional|string|name
2018-07-24 01:42:24,162|INFO|623|_GetFieldValue|4|2|逆转时光
2018-07-24 01:42:24,162|INFO|497|_ParseField|4|3
2018-07-24 01:42:24,162|INFO|498|_ParseField|optional|string|icon
2018-07-24 01:42:24,162|INFO|623|_GetFieldValue|4|3|Images\Common\IconDescClick
2018-07-24 01:42:24,162|INFO|481|_ParseLine|5
2018-07-24 01:42:24,162|INFO|497|_ParseField|5|1
2018-07-24 01:42:24,162|INFO|498|_ParseField|optional|uint32|id
2018-07-24 01:42:24,162|INFO|623|_GetFieldValue|5|1|1.0
2018-07-24 01:42:24,162|INFO|497|_ParseField|5|2
2018-07-24 01:42:24,162|INFO|498|_ParseField|optional|string|name
2018-07-24 01:42:24,162|INFO|623|_GetFieldValue|5|2|记忆迷阵
2018-07-24 01:42:24,162|INFO|497|_ParseField|5|3
2018-07-24 01:42:24,162|INFO|498|_ParseField|optional|string|icon
2018-07-24 01:42:24,162|INFO|623|_GetFieldValue|5|3|Images\Common\IconSpinningBlock
2018-07-24 01:42:24,163|INFO|481|_ParseLine|6
2018-07-24 01:42:24,163|INFO|497|_ParseField|6|1
2018-07-24 01:42:24,163|INFO|498|_ParseField|optional|uint32|id
2018-07-24 01:42:24,163|INFO|623|_GetFieldValue|6|1|2.0
2018-07-24 01:42:24,163|INFO|497|_ParseField|6|2
2018-07-24 01:42:24,163|INFO|498|_ParseField|optional|string|name
2018-07-24 01:42:24,163|INFO|623|_GetFieldValue|6|2|记忆翻牌
2018-07-24 01:42:24,163|INFO|497|_ParseField|6|3
2018-07-24 01:42:24,163|INFO|498|_ParseField|optional|string|icon
2018-07-24 01:42:24,163|INFO|623|_GetFieldValue|6|3|Images\Common\IconClickFlip
2018-07-24 01:42:24,163|INFO|469|Parse|parse result:
items {
  name: "\351\200\206\350\275\254\346\227\266\345\205\211"
  icon: "Images\\Common\\IconDescClick"
}
items {
  id: 1
  name: "\350\256\260\345\277\206\350\277\267\351\230\265"
  icon: "Images\\Common\\IconSpinningBlock"
}
items {
  id: 2
  name: "\350\256\260\345\277\206\347\277\273\347\211\214"
  icon: "Images\\Common\\IconClickFlip"
}

2018-07-24 02:03:40,462|INFO|118|_initlog|



2018-07-24 02:03:40,462|INFO|119|_initlog|logger is inited!
2018-07-24 02:03:40,469|INFO|178|Interpreter|begin Interpreter, row_count = 14, col_count = 3
2018-07-24 02:03:40,469|INFO|208|_FieldDefine|row=0, col=0, repeated_num=0
2018-07-24 02:03:40,469|INFO|208|_FieldDefine|row=0, col=1, repeated_num=0
2018-07-24 02:03:40,469|INFO|216|_FieldDefine|optional|uint32|id|ID
2018-07-24 02:03:40,470|INFO|208|_FieldDefine|row=0, col=2, repeated_num=0
2018-07-24 02:03:40,470|INFO|216|_FieldDefine|optional|string|icon|
2018-07-24 02:03:40,655|INFO|447|Parse|begin parse, row_count = 14, col_count = 3
2018-07-24 02:03:40,655|INFO|481|_ParseLine|4
2018-07-24 02:03:40,655|INFO|497|_ParseField|4|1
2018-07-24 02:03:40,655|INFO|498|_ParseField|optional|uint32|id
2018-07-24 02:03:40,655|INFO|623|_GetFieldValue|4|1|0.0
2018-07-24 02:03:40,655|INFO|497|_ParseField|4|2
2018-07-24 02:03:40,656|INFO|498|_ParseField|optional|string|icon
2018-07-24 02:03:40,656|INFO|623|_GetFieldValue|4|2|Images\Ready\EmojiAmazing
2018-07-24 02:03:40,656|INFO|481|_ParseLine|5
2018-07-24 02:03:40,656|INFO|497|_ParseField|5|1
2018-07-24 02:03:40,656|INFO|498|_ParseField|optional|uint32|id
2018-07-24 02:03:40,656|INFO|623|_GetFieldValue|5|1|1.0
2018-07-24 02:03:40,656|INFO|497|_ParseField|5|2
2018-07-24 02:03:40,656|INFO|498|_ParseField|optional|string|icon
2018-07-24 02:03:40,656|INFO|623|_GetFieldValue|5|2|Images\Ready\EmojiAngry
2018-07-24 02:03:40,656|INFO|481|_ParseLine|6
2018-07-24 02:03:40,656|INFO|497|_ParseField|6|1
2018-07-24 02:03:40,656|INFO|498|_ParseField|optional|uint32|id
2018-07-24 02:03:40,656|INFO|623|_GetFieldValue|6|1|2.0
2018-07-24 02:03:40,656|INFO|497|_ParseField|6|2
2018-07-24 02:03:40,656|INFO|498|_ParseField|optional|string|icon
2018-07-24 02:03:40,656|INFO|623|_GetFieldValue|6|2|Images\Ready\EmojiChat
2018-07-24 02:03:40,656|INFO|481|_ParseLine|7
2018-07-24 02:03:40,656|INFO|497|_ParseField|7|1
2018-07-24 02:03:40,657|INFO|498|_ParseField|optional|uint32|id
2018-07-24 02:03:40,657|INFO|623|_GetFieldValue|7|1|3.0
2018-07-24 02:03:40,657|INFO|497|_ParseField|7|2
2018-07-24 02:03:40,657|INFO|498|_ParseField|optional|string|icon
2018-07-24 02:03:40,657|INFO|623|_GetFieldValue|7|2|Images\Ready\EmojiKiss
2018-07-24 02:03:40,657|INFO|481|_ParseLine|8
2018-07-24 02:03:40,657|INFO|497|_ParseField|8|1
2018-07-24 02:03:40,657|INFO|498|_ParseField|optional|uint32|id
2018-07-24 02:03:40,657|INFO|623|_GetFieldValue|8|1|4.0
2018-07-24 02:03:40,657|INFO|497|_ParseField|8|2
2018-07-24 02:03:40,657|INFO|498|_ParseField|optional|string|icon
2018-07-24 02:03:40,657|INFO|623|_GetFieldValue|8|2|Images\Ready\EmojiLike
2018-07-24 02:03:40,657|INFO|481|_ParseLine|9
2018-07-24 02:03:40,657|INFO|497|_ParseField|9|1
2018-07-24 02:03:40,657|INFO|498|_ParseField|optional|uint32|id
2018-07-24 02:03:40,657|INFO|623|_GetFieldValue|9|1|5.0
2018-07-24 02:03:40,657|INFO|497|_ParseField|9|2
2018-07-24 02:03:40,657|INFO|498|_ParseField|optional|string|icon
2018-07-24 02:03:40,657|INFO|623|_GetFieldValue|9|2|Images\Ready\EmojiLove
2018-07-24 02:03:40,657|INFO|481|_ParseLine|10
2018-07-24 02:03:40,658|INFO|497|_ParseField|10|1
2018-07-24 02:03:40,658|INFO|498|_ParseField|optional|uint32|id
2018-07-24 02:03:40,658|INFO|623|_GetFieldValue|10|1|6.0
2018-07-24 02:03:40,658|INFO|497|_ParseField|10|2
2018-07-24 02:03:40,658|INFO|498|_ParseField|optional|string|icon
2018-07-24 02:03:40,658|INFO|623|_GetFieldValue|10|2|Images\Ready\EmojiSad
2018-07-24 02:03:40,658|INFO|481|_ParseLine|11
2018-07-24 02:03:40,658|INFO|497|_ParseField|11|1
2018-07-24 02:03:40,658|INFO|498|_ParseField|optional|uint32|id
2018-07-24 02:03:40,658|INFO|623|_GetFieldValue|11|1|7.0
2018-07-24 02:03:40,658|INFO|497|_ParseField|11|2
2018-07-24 02:03:40,658|INFO|498|_ParseField|optional|string|icon
2018-07-24 02:03:40,658|INFO|623|_GetFieldValue|11|2|Images\Ready\EmojiSmile
2018-07-24 02:03:40,658|INFO|481|_ParseLine|12
2018-07-24 02:03:40,658|INFO|497|_ParseField|12|1
2018-07-24 02:03:40,658|INFO|498|_ParseField|optional|uint32|id
2018-07-24 02:03:40,658|INFO|623|_GetFieldValue|12|1|8.0
2018-07-24 02:03:40,658|INFO|497|_ParseField|12|2
2018-07-24 02:03:40,658|INFO|498|_ParseField|optional|string|icon
2018-07-24 02:03:40,658|INFO|623|_GetFieldValue|12|2|Images\Ready\EmojiSunglass
2018-07-24 02:03:40,659|INFO|481|_ParseLine|13
2018-07-24 02:03:40,659|INFO|497|_ParseField|13|1
2018-07-24 02:03:40,659|INFO|498|_ParseField|optional|uint32|id
2018-07-24 02:03:40,659|INFO|623|_GetFieldValue|13|1|9.0
2018-07-24 02:03:40,659|INFO|497|_ParseField|13|2
2018-07-24 02:03:40,659|INFO|498|_ParseField|optional|string|icon
2018-07-24 02:03:40,659|INFO|623|_GetFieldValue|13|2|Images\Ready\EmojiZuosi
2018-07-24 02:03:40,659|INFO|469|Parse|parse result:
items {
  icon: "Images\\Ready\\EmojiAmazing"
}
items {
  id: 1
  icon: "Images\\Ready\\EmojiAngry"
}
items {
  id: 2
  icon: "Images\\Ready\\EmojiChat"
}
items {
  id: 3
  icon: "Images\\Ready\\EmojiKiss"
}
items {
  id: 4
  icon: "Images\\Ready\\EmojiLike"
}
items {
  id: 5
  icon: "Images\\Ready\\EmojiLove"
}
items {
  id: 6
  icon: "Images\\Ready\\EmojiSad"
}
items {
  id: 7
  icon: "Images\\Ready\\EmojiSmile"
}
items {
  id: 8
  icon: "Images\\Ready\\EmojiSunglass"
}
items {
  id: 9
  icon: "Images\\Ready\\EmojiZuosi"
}

2018-07-24 02:03:40,678|INFO|178|Interpreter|begin Interpreter, row_count = 7, col_count = 4
2018-07-24 02:03:40,678|INFO|208|_FieldDefine|row=0, col=0, repeated_num=0
2018-07-24 02:03:40,678|INFO|208|_FieldDefine|row=0, col=1, repeated_num=0
2018-07-24 02:03:40,678|INFO|216|_FieldDefine|optional|uint32|id|ID
2018-07-24 02:03:40,678|INFO|208|_FieldDefine|row=0, col=2, repeated_num=0
2018-07-24 02:03:40,678|INFO|216|_FieldDefine|optional|string|name|姓名
2018-07-24 02:03:40,678|INFO|208|_FieldDefine|row=0, col=3, repeated_num=0
2018-07-24 02:03:40,678|INFO|216|_FieldDefine|optional|string|icon|
2018-07-24 02:03:40,716|INFO|447|Parse|begin parse, row_count = 7, col_count = 4
2018-07-24 02:03:40,716|INFO|481|_ParseLine|4
2018-07-24 02:03:40,716|INFO|497|_ParseField|4|1
2018-07-24 02:03:40,716|INFO|498|_ParseField|optional|uint32|id
2018-07-24 02:03:40,716|INFO|623|_GetFieldValue|4|1|0.0
2018-07-24 02:03:40,716|INFO|497|_ParseField|4|2
2018-07-24 02:03:40,716|INFO|498|_ParseField|optional|string|name
2018-07-24 02:03:40,716|INFO|623|_GetFieldValue|4|2|逆转时光
2018-07-24 02:03:40,716|INFO|497|_ParseField|4|3
2018-07-24 02:03:40,716|INFO|498|_ParseField|optional|string|icon
2018-07-24 02:03:40,717|INFO|623|_GetFieldValue|4|3|Images\Common\IconDescClick
2018-07-24 02:03:40,717|INFO|481|_ParseLine|5
2018-07-24 02:03:40,717|INFO|497|_ParseField|5|1
2018-07-24 02:03:40,717|INFO|498|_ParseField|optional|uint32|id
2018-07-24 02:03:40,717|INFO|623|_GetFieldValue|5|1|1.0
2018-07-24 02:03:40,717|INFO|497|_ParseField|5|2
2018-07-24 02:03:40,717|INFO|498|_ParseField|optional|string|name
2018-07-24 02:03:40,717|INFO|623|_GetFieldValue|5|2|记忆迷阵
2018-07-24 02:03:40,717|INFO|497|_ParseField|5|3
2018-07-24 02:03:40,717|INFO|498|_ParseField|optional|string|icon
2018-07-24 02:03:40,717|INFO|623|_GetFieldValue|5|3|Images\Common\IconSpinningBlock
2018-07-24 02:03:40,717|INFO|481|_ParseLine|6
2018-07-24 02:03:40,717|INFO|497|_ParseField|6|1
2018-07-24 02:03:40,717|INFO|498|_ParseField|optional|uint32|id
2018-07-24 02:03:40,717|INFO|623|_GetFieldValue|6|1|2.0
2018-07-24 02:03:40,717|INFO|497|_ParseField|6|2
2018-07-24 02:03:40,717|INFO|498|_ParseField|optional|string|name
2018-07-24 02:03:40,717|INFO|623|_GetFieldValue|6|2|记忆翻牌
2018-07-24 02:03:40,718|INFO|497|_ParseField|6|3
2018-07-24 02:03:40,718|INFO|498|_ParseField|optional|string|icon
2018-07-24 02:03:40,718|INFO|623|_GetFieldValue|6|3|Images\Common\IconClickFlip
2018-07-24 02:03:40,718|INFO|469|Parse|parse result:
items {
  name: "\351\200\206\350\275\254\346\227\266\345\205\211"
  icon: "Images\\Common\\IconDescClick"
}
items {
  id: 1
  name: "\350\256\260\345\277\206\350\277\267\351\230\265"
  icon: "Images\\Common\\IconSpinningBlock"
}
items {
  id: 2
  name: "\350\256\260\345\277\206\347\277\273\347\211\214"
  icon: "Images\\Common\\IconClickFlip"
}

